{"D:\\Easy_Frontend\\js_labs\\main.js": {"path":"D:\\Easy_Frontend\\js_labs\\main.js","statementMap":{"0":{"start":{"line":2,"column":3},"end":{"line":2,"column":16}}},"fnMap":{"0":{"name":"sum","decl":{"start":{"line":1,"column":16},"end":{"line":1,"column":19}},"loc":{"start":{"line":1,"column":26},"end":{"line":3,"column":1}},"line":1}},"branchMap":{},"s":{"0":1},"f":{"0":1},"b":{},"_coverageSchema":"1a1c01bbd47fc00a2c39e90264f33305004495a9","hash":"c6a4ad5efdfa0824f62b5c78177e12ce7b46d316"}
,"D:\\Easy_Frontend\\js_labs\\src\\5-9.js": {"path":"D:\\Easy_Frontend\\js_labs\\src\\5-9.js","statementMap":{"0":{"start":{"line":14,"column":3},"end":{"line":14,"column":47}},"1":{"start":{"line":14,"column":30},"end":{"line":14,"column":47}},"2":{"start":{"line":18,"column":3},"end":{"line":21,"column":23}},"3":{"start":{"line":18,"column":17},"end":{"line":18,"column":39}},"4":{"start":{"line":19,"column":8},"end":{"line":21,"column":23}},"5":{"start":{"line":19,"column":23},"end":{"line":19,"column":39}},"6":{"start":{"line":20,"column":8},"end":{"line":21,"column":23}},"7":{"start":{"line":20,"column":23},"end":{"line":20,"column":43}},"8":{"start":{"line":21,"column":8},"end":{"line":21,"column":23}},"9":{"start":{"line":23,"column":3},"end":{"line":23,"column":17}},"10":{"start":{"line":30,"column":3},"end":{"line":30,"column":40}},"11":{"start":{"line":30,"column":30},"end":{"line":30,"column":40}},"12":{"start":{"line":32,"column":16},"end":{"line":32,"column":21}},"13":{"start":{"line":34,"column":3},"end":{"line":36,"column":43}},"14":{"start":{"line":34,"column":17},"end":{"line":34,"column":39}},"15":{"start":{"line":35,"column":8},"end":{"line":36,"column":43}},"16":{"start":{"line":35,"column":23},"end":{"line":35,"column":39}},"17":{"start":{"line":36,"column":8},"end":{"line":36,"column":43}},"18":{"start":{"line":36,"column":23},"end":{"line":36,"column":43}},"19":{"start":{"line":38,"column":3},"end":{"line":38,"column":17}},"20":{"start":{"line":45,"column":3},"end":{"line":45,"column":53}},"21":{"start":{"line":45,"column":30},"end":{"line":45,"column":53}},"22":{"start":{"line":47,"column":3},"end":{"line":47,"column":37}},"23":{"start":{"line":47,"column":17},"end":{"line":47,"column":37}},"24":{"start":{"line":48,"column":3},"end":{"line":48,"column":32}},"25":{"start":{"line":48,"column":18},"end":{"line":48,"column":32}},"26":{"start":{"line":49,"column":3},"end":{"line":49,"column":36}},"27":{"start":{"line":49,"column":18},"end":{"line":49,"column":36}},"28":{"start":{"line":51,"column":3},"end":{"line":51,"column":16}}},"fnMap":{"0":{"name":"classifyStudentV1","decl":{"start":{"line":11,"column":9},"end":{"line":11,"column":26}},"loc":{"start":{"line":11,"column":33},"end":{"line":24,"column":1}},"line":11},"1":{"name":"classifyStudentV2","decl":{"start":{"line":27,"column":9},"end":{"line":27,"column":26}},"loc":{"start":{"line":27,"column":33},"end":{"line":39,"column":1}},"line":27},"2":{"name":"classifyStudentV3","decl":{"start":{"line":42,"column":16},"end":{"line":42,"column":33}},"loc":{"start":{"line":42,"column":40},"end":{"line":52,"column":1}},"line":42}},"branchMap":{"0":{"loc":{"start":{"line":14,"column":3},"end":{"line":14,"column":47}},"type":"if","locations":[{"start":{"line":14,"column":3},"end":{"line":14,"column":47}},{"start":{},"end":{}}],"line":14},"1":{"loc":{"start":{"line":14,"column":7},"end":{"line":14,"column":28}},"type":"binary-expr","locations":[{"start":{"line":14,"column":7},"end":{"line":14,"column":15}},{"start":{"line":14,"column":19},"end":{"line":14,"column":28}}],"line":14},"2":{"loc":{"start":{"line":18,"column":3},"end":{"line":21,"column":23}},"type":"if","locations":[{"start":{"line":18,"column":3},"end":{"line":21,"column":23}},{"start":{"line":19,"column":8},"end":{"line":21,"column":23}}],"line":18},"3":{"loc":{"start":{"line":19,"column":8},"end":{"line":21,"column":23}},"type":"if","locations":[{"start":{"line":19,"column":8},"end":{"line":21,"column":23}},{"start":{"line":20,"column":8},"end":{"line":21,"column":23}}],"line":19},"4":{"loc":{"start":{"line":20,"column":8},"end":{"line":21,"column":23}},"type":"if","locations":[{"start":{"line":20,"column":8},"end":{"line":21,"column":23}},{"start":{"line":21,"column":8},"end":{"line":21,"column":23}}],"line":20},"5":{"loc":{"start":{"line":30,"column":3},"end":{"line":30,"column":40}},"type":"if","locations":[{"start":{"line":30,"column":3},"end":{"line":30,"column":40}},{"start":{},"end":{}}],"line":30},"6":{"loc":{"start":{"line":30,"column":7},"end":{"line":30,"column":28}},"type":"binary-expr","locations":[{"start":{"line":30,"column":7},"end":{"line":30,"column":15}},{"start":{"line":30,"column":19},"end":{"line":30,"column":28}}],"line":30},"7":{"loc":{"start":{"line":34,"column":3},"end":{"line":36,"column":43}},"type":"if","locations":[{"start":{"line":34,"column":3},"end":{"line":36,"column":43}},{"start":{"line":35,"column":8},"end":{"line":36,"column":43}}],"line":34},"8":{"loc":{"start":{"line":35,"column":8},"end":{"line":36,"column":43}},"type":"if","locations":[{"start":{"line":35,"column":8},"end":{"line":36,"column":43}},{"start":{"line":36,"column":8},"end":{"line":36,"column":43}}],"line":35},"9":{"loc":{"start":{"line":36,"column":8},"end":{"line":36,"column":43}},"type":"if","locations":[{"start":{"line":36,"column":8},"end":{"line":36,"column":43}},{"start":{},"end":{}}],"line":36},"10":{"loc":{"start":{"line":45,"column":3},"end":{"line":45,"column":53}},"type":"if","locations":[{"start":{"line":45,"column":3},"end":{"line":45,"column":53}},{"start":{},"end":{}}],"line":45},"11":{"loc":{"start":{"line":45,"column":7},"end":{"line":45,"column":28}},"type":"binary-expr","locations":[{"start":{"line":45,"column":7},"end":{"line":45,"column":15}},{"start":{"line":45,"column":19},"end":{"line":45,"column":28}}],"line":45},"12":{"loc":{"start":{"line":47,"column":3},"end":{"line":47,"column":37}},"type":"if","locations":[{"start":{"line":47,"column":3},"end":{"line":47,"column":37}},{"start":{},"end":{}}],"line":47},"13":{"loc":{"start":{"line":48,"column":3},"end":{"line":48,"column":32}},"type":"if","locations":[{"start":{"line":48,"column":3},"end":{"line":48,"column":32}},{"start":{},"end":{}}],"line":48},"14":{"loc":{"start":{"line":49,"column":3},"end":{"line":49,"column":36}},"type":"if","locations":[{"start":{"line":49,"column":3},"end":{"line":49,"column":36}},{"start":{},"end":{}}],"line":49}},"s":{"0":0,"1":0,"2":0,"3":0,"4":0,"5":0,"6":0,"7":0,"8":0,"9":0,"10":0,"11":0,"12":0,"13":0,"14":0,"15":0,"16":0,"17":0,"18":0,"19":0,"20":12,"21":2,"22":10,"23":2,"24":8,"25":2,"26":6,"27":3,"28":3},"f":{"0":0,"1":0,"2":12},"b":{"0":[0,0],"1":[0,0],"2":[0,0],"3":[0,0],"4":[0,0],"5":[0,0],"6":[0,0],"7":[0,0],"8":[0,0],"9":[0,0],"10":[2,10],"11":[12,11],"12":[2,8],"13":[2,6],"14":[3,3]},"_coverageSchema":"1a1c01bbd47fc00a2c39e90264f33305004495a9","hash":"8e11f7dee4a67448544420113a21040f2721d940"}
,"D:\\Easy_Frontend\\js_labs\\src\\9-7.js": {"path":"D:\\Easy_Frontend\\js_labs\\src\\9-7.js","statementMap":{"0":{"start":{"line":8,"column":0},"end":{"line":8,"column":36}},"1":{"start":{"line":8,"column":23},"end":{"line":8,"column":34}},"2":{"start":{"line":9,"column":0},"end":{"line":9,"column":36}},"3":{"start":{"line":9,"column":23},"end":{"line":9,"column":34}},"4":{"start":{"line":16,"column":3},"end":{"line":16,"column":75}},"5":{"start":{"line":16,"column":62},"end":{"line":16,"column":75}},"6":{"start":{"line":18,"column":17},"end":{"line":18,"column":21}},"7":{"start":{"line":20,"column":3},"end":{"line":27,"column":4}},"8":{"start":{"line":20,"column":16},"end":{"line":20,"column":17}},"9":{"start":{"line":21,"column":21},"end":{"line":21,"column":34}},"10":{"start":{"line":22,"column":6},"end":{"line":26,"column":7}},"11":{"start":{"line":24,"column":9},"end":{"line":24,"column":25}},"12":{"start":{"line":25,"column":9},"end":{"line":25,"column":15}},"13":{"start":{"line":29,"column":3},"end":{"line":29,"column":18}},"14":{"start":{"line":36,"column":3},"end":{"line":36,"column":75}},"15":{"start":{"line":36,"column":62},"end":{"line":36,"column":75}},"16":{"start":{"line":38,"column":3},"end":{"line":40,"column":4}},"17":{"start":{"line":38,"column":16},"end":{"line":38,"column":17}},"18":{"start":{"line":39,"column":6},"end":{"line":39,"column":48}},"19":{"start":{"line":39,"column":35},"end":{"line":39,"column":48}},"20":{"start":{"line":41,"column":3},"end":{"line":41,"column":15}},"21":{"start":{"line":47,"column":0},"end":{"line":47,"column":35}},"22":{"start":{"line":47,"column":22},"end":{"line":47,"column":33}},"23":{"start":{"line":48,"column":0},"end":{"line":48,"column":35}},"24":{"start":{"line":48,"column":22},"end":{"line":48,"column":33}}},"fnMap":{"0":{"name":"(anonymous_0)","decl":{"start":{"line":8,"column":16},"end":{"line":8,"column":17}},"loc":{"start":{"line":8,"column":23},"end":{"line":8,"column":34}},"line":8},"1":{"name":"(anonymous_1)","decl":{"start":{"line":9,"column":16},"end":{"line":9,"column":17}},"loc":{"start":{"line":9,"column":23},"end":{"line":9,"column":34}},"line":9},"2":{"name":"checkIfAllEveryV1","decl":{"start":{"line":15,"column":16},"end":{"line":15,"column":33}},"loc":{"start":{"line":15,"column":46},"end":{"line":30,"column":1}},"line":15},"3":{"name":"checkIfAllEveryV2","decl":{"start":{"line":35,"column":16},"end":{"line":35,"column":33}},"loc":{"start":{"line":35,"column":46},"end":{"line":42,"column":1}},"line":35},"4":{"name":"(anonymous_4)","decl":{"start":{"line":47,"column":15},"end":{"line":47,"column":16}},"loc":{"start":{"line":47,"column":22},"end":{"line":47,"column":33}},"line":47},"5":{"name":"(anonymous_5)","decl":{"start":{"line":48,"column":15},"end":{"line":48,"column":16}},"loc":{"start":{"line":48,"column":22},"end":{"line":48,"column":33}},"line":48}},"branchMap":{"0":{"loc":{"start":{"line":16,"column":3},"end":{"line":16,"column":75}},"type":"if","locations":[{"start":{"line":16,"column":3},"end":{"line":16,"column":75}},{"start":{},"end":{}}],"line":16},"1":{"loc":{"start":{"line":16,"column":7},"end":{"line":16,"column":60}},"type":"binary-expr","locations":[{"start":{"line":16,"column":7},"end":{"line":16,"column":33}},{"start":{"line":16,"column":37},"end":{"line":16,"column":60}}],"line":16},"2":{"loc":{"start":{"line":22,"column":6},"end":{"line":26,"column":7}},"type":"if","locations":[{"start":{"line":22,"column":6},"end":{"line":26,"column":7}},{"start":{},"end":{}}],"line":22},"3":{"loc":{"start":{"line":36,"column":3},"end":{"line":36,"column":75}},"type":"if","locations":[{"start":{"line":36,"column":3},"end":{"line":36,"column":75}},{"start":{},"end":{}}],"line":36},"4":{"loc":{"start":{"line":36,"column":7},"end":{"line":36,"column":60}},"type":"binary-expr","locations":[{"start":{"line":36,"column":7},"end":{"line":36,"column":33}},{"start":{"line":36,"column":37},"end":{"line":36,"column":60}}],"line":36},"5":{"loc":{"start":{"line":39,"column":6},"end":{"line":39,"column":48}},"type":"if","locations":[{"start":{"line":39,"column":6},"end":{"line":39,"column":48}},{"start":{},"end":{}}],"line":39}},"s":{"0":1,"1":1,"2":1,"3":3,"4":9,"5":6,"6":3,"7":3,"8":3,"9":6,"10":6,"11":2,"12":2,"13":3,"14":9,"15":6,"16":3,"17":3,"18":6,"19":2,"20":1,"21":1,"22":2,"23":1,"24":3},"f":{"0":1,"1":3,"2":9,"3":9,"4":2,"5":3},"b":{"0":[6,3],"1":[9,4],"2":[2,4],"3":[6,3],"4":[9,4],"5":[2,4]},"_coverageSchema":"1a1c01bbd47fc00a2c39e90264f33305004495a9","hash":"ea8055ecc2c71137aaa9eef2905cf47c14103281"}
}
