{"D:\\Easy_Frontend\\JavaScript\\js_labs\\main.js": {"path":"D:\\Easy_Frontend\\JavaScript\\js_labs\\main.js","statementMap":{"0":{"start":{"line":2,"column":3},"end":{"line":2,"column":16}}},"fnMap":{"0":{"name":"sum","decl":{"start":{"line":1,"column":16},"end":{"line":1,"column":19}},"loc":{"start":{"line":1,"column":26},"end":{"line":3,"column":1}},"line":1}},"branchMap":{},"s":{"0":1},"f":{"0":1},"b":{},"_coverageSchema":"1a1c01bbd47fc00a2c39e90264f33305004495a9","hash":"833ecc8443326d871529a16e85571f48c61333b0"}
,"D:\\Easy_Frontend\\JavaScript\\js_labs\\practice\\01-calc-s.js": {"path":"D:\\Easy_Frontend\\JavaScript\\js_labs\\practice\\01-calc-s.js","statementMap":{"0":{"start":{"line":4,"column":3},"end":{"line":4,"column":24}},"1":{"start":{"line":4,"column":15},"end":{"line":4,"column":24}},"2":{"start":{"line":5,"column":13},"end":{"line":5,"column":14}},"3":{"start":{"line":7,"column":3},"end":{"line":9,"column":4}},"4":{"start":{"line":7,"column":16},"end":{"line":7,"column":17}},"5":{"start":{"line":8,"column":6},"end":{"line":8,"column":15}},"6":{"start":{"line":11,"column":3},"end":{"line":11,"column":14}},"7":{"start":{"line":15,"column":3},"end":{"line":15,"column":24}},"8":{"start":{"line":15,"column":15},"end":{"line":15,"column":24}},"9":{"start":{"line":17,"column":3},"end":{"line":17,"column":28}}},"fnMap":{"0":{"name":"calcuLatesSum","decl":{"start":{"line":3,"column":16},"end":{"line":3,"column":29}},"loc":{"start":{"line":3,"column":33},"end":{"line":12,"column":1}},"line":3},"1":{"name":"calcuLatesSumV2","decl":{"start":{"line":14,"column":16},"end":{"line":14,"column":31}},"loc":{"start":{"line":14,"column":35},"end":{"line":18,"column":1}},"line":14}},"branchMap":{"0":{"loc":{"start":{"line":4,"column":3},"end":{"line":4,"column":24}},"type":"if","locations":[{"start":{"line":4,"column":3},"end":{"line":4,"column":24}},{"start":{},"end":{}}],"line":4},"1":{"loc":{"start":{"line":15,"column":3},"end":{"line":15,"column":24}},"type":"if","locations":[{"start":{"line":15,"column":3},"end":{"line":15,"column":24}},{"start":{},"end":{}}],"line":15}},"s":{"0":5,"1":2,"2":3,"3":3,"4":3,"5":16,"6":3,"7":5,"8":2,"9":3},"f":{"0":5,"1":5},"b":{"0":[2,3],"1":[2,3]},"_coverageSchema":"1a1c01bbd47fc00a2c39e90264f33305004495a9","hash":"7ca5bf2bc0cea2f67951620dc3c58c0060b4dad5"}
,"D:\\Easy_Frontend\\JavaScript\\js_labs\\practice\\array-check-07.js": {"path":"D:\\Easy_Frontend\\JavaScript\\js_labs\\practice\\array-check-07.js","statementMap":{"0":{"start":{"line":8,"column":3},"end":{"line":8,"column":30}},"1":{"start":{"line":8,"column":17},"end":{"line":8,"column":30}},"2":{"start":{"line":9,"column":3},"end":{"line":9,"column":80}},"3":{"start":{"line":38,"column":3},"end":{"line":38,"column":77}},"4":{"start":{"line":38,"column":64},"end":{"line":38,"column":77}},"5":{"start":{"line":40,"column":3},"end":{"line":40,"column":45}}},"fnMap":{"0":{"name":"isAlice","decl":{"start":{"line":7,"column":9},"end":{"line":7,"column":16}},"loc":{"start":{"line":7,"column":26},"end":{"line":10,"column":1}},"line":7},"1":{"name":"hasAlice","decl":{"start":{"line":37,"column":16},"end":{"line":37,"column":24}},"loc":{"start":{"line":37,"column":38},"end":{"line":41,"column":1}},"line":37}},"branchMap":{"0":{"loc":{"start":{"line":8,"column":3},"end":{"line":8,"column":30}},"type":"if","locations":[{"start":{"line":8,"column":3},"end":{"line":8,"column":30}},{"start":{},"end":{}}],"line":8},"1":{"loc":{"start":{"line":9,"column":10},"end":{"line":9,"column":79}},"type":"binary-expr","locations":[{"start":{"line":9,"column":10},"end":{"line":9,"column":37}},{"start":{"line":9,"column":41},"end":{"line":9,"column":79}}],"line":9},"2":{"loc":{"start":{"line":38,"column":3},"end":{"line":38,"column":77}},"type":"if","locations":[{"start":{"line":38,"column":3},"end":{"line":38,"column":77}},{"start":{},"end":{}}],"line":38},"3":{"loc":{"start":{"line":38,"column":7},"end":{"line":38,"column":62}},"type":"binary-expr","locations":[{"start":{"line":38,"column":7},"end":{"line":38,"column":34}},{"start":{"line":38,"column":38},"end":{"line":38,"column":62}}],"line":38}},"s":{"0":4,"1":0,"2":4,"3":3,"4":1,"5":2},"f":{"0":4,"1":3},"b":{"0":[0,4],"1":[4,3],"2":[1,2],"3":[3,3]},"_coverageSchema":"1a1c01bbd47fc00a2c39e90264f33305004495a9","hash":"6cc8933c938601ca32b606c310661354facf6e71"}
,"D:\\Easy_Frontend\\JavaScript\\js_labs\\practice\\array-count-04.js": {"path":"D:\\Easy_Frontend\\JavaScript\\js_labs\\practice\\array-count-04.js","statementMap":{"0":{"start":{"line":30,"column":3},"end":{"line":30,"column":71}},"1":{"start":{"line":30,"column":62},"end":{"line":30,"column":71}},"2":{"start":{"line":32,"column":16},"end":{"line":35,"column":9}},"3":{"start":{"line":33,"column":6},"end":{"line":33,"column":26}},"4":{"start":{"line":34,"column":6},"end":{"line":34,"column":18}},"5":{"start":{"line":37,"column":3},"end":{"line":37,"column":35}}},"fnMap":{"0":{"name":"countUniqueNumbers","decl":{"start":{"line":29,"column":16},"end":{"line":29,"column":34}},"loc":{"start":{"line":29,"column":47},"end":{"line":38,"column":1}},"line":29},"1":{"name":"(anonymous_1)","decl":{"start":{"line":32,"column":34},"end":{"line":32,"column":35}},"loc":{"start":{"line":32,"column":52},"end":{"line":35,"column":4}},"line":32}},"branchMap":{"0":{"loc":{"start":{"line":30,"column":3},"end":{"line":30,"column":71}},"type":"if","locations":[{"start":{"line":30,"column":3},"end":{"line":30,"column":71}},{"start":{},"end":{}}],"line":30},"1":{"loc":{"start":{"line":30,"column":7},"end":{"line":30,"column":60}},"type":"binary-expr","locations":[{"start":{"line":30,"column":7},"end":{"line":30,"column":33}},{"start":{"line":30,"column":37},"end":{"line":30,"column":60}}],"line":30}},"s":{"0":11,"1":5,"2":6,"3":22,"4":22,"5":6},"f":{"0":11,"1":22},"b":{"0":[5,6],"1":[11,7]},"_coverageSchema":"1a1c01bbd47fc00a2c39e90264f33305004495a9","hash":"e9369a7a72646eafbe03571a48f24bba7daacdbc"}
,"D:\\Easy_Frontend\\JavaScript\\js_labs\\practice\\array-filter-06.js": {"path":"D:\\Easy_Frontend\\JavaScript\\js_labs\\practice\\array-filter-06.js","statementMap":{"0":{"start":{"line":5,"column":26},"end":{"line":5,"column":42}},"1":{"start":{"line":6,"column":31},"end":{"line":6,"column":66}},"2":{"start":{"line":8,"column":3},"end":{"line":8,"column":47}},"3":{"start":{"line":12,"column":3},"end":{"line":12,"column":72}},"4":{"start":{"line":12,"column":62},"end":{"line":12,"column":72}},"5":{"start":{"line":14,"column":24},"end":{"line":14,"column":26}},"6":{"start":{"line":15,"column":3},"end":{"line":19,"column":4}},"7":{"start":{"line":15,"column":16},"end":{"line":15,"column":17}},"8":{"start":{"line":16,"column":21},"end":{"line":16,"column":34}},"9":{"start":{"line":17,"column":25},"end":{"line":17,"column":49}},"10":{"start":{"line":18,"column":6},"end":{"line":18,"column":58}},"11":{"start":{"line":18,"column":32},"end":{"line":18,"column":58}},"12":{"start":{"line":21,"column":3},"end":{"line":21,"column":23}}},"fnMap":{"0":{"name":"getTheFirstDigit","decl":{"start":{"line":4,"column":9},"end":{"line":4,"column":25}},"loc":{"start":{"line":4,"column":34},"end":{"line":9,"column":1}},"line":4},"1":{"name":"findAllNumbers","decl":{"start":{"line":11,"column":16},"end":{"line":11,"column":30}},"loc":{"start":{"line":11,"column":43},"end":{"line":22,"column":1}},"line":11}},"branchMap":{"0":{"loc":{"start":{"line":12,"column":3},"end":{"line":12,"column":72}},"type":"if","locations":[{"start":{"line":12,"column":3},"end":{"line":12,"column":72}},{"start":{},"end":{}}],"line":12},"1":{"loc":{"start":{"line":12,"column":7},"end":{"line":12,"column":60}},"type":"binary-expr","locations":[{"start":{"line":12,"column":7},"end":{"line":12,"column":33}},{"start":{"line":12,"column":37},"end":{"line":12,"column":60}}],"line":12},"2":{"loc":{"start":{"line":18,"column":6},"end":{"line":18,"column":58}},"type":"if","locations":[{"start":{"line":18,"column":6},"end":{"line":18,"column":58}},{"start":{},"end":{}}],"line":18}},"s":{"0":9,"1":9,"2":9,"3":7,"4":5,"5":2,"6":2,"7":2,"8":9,"9":9,"10":9,"11":3,"12":2},"f":{"0":9,"1":7},"b":{"0":[5,2],"1":[7,3],"2":[3,6]},"_coverageSchema":"1a1c01bbd47fc00a2c39e90264f33305004495a9","hash":"5b474b3953db2aa3b1485476772241db119bbc20"}
,"D:\\Easy_Frontend\\JavaScript\\js_labs\\practice\\array-find-09.js": {"path":"D:\\Easy_Frontend\\JavaScript\\js_labs\\practice\\array-find-09.js","statementMap":{"0":{"start":{"line":5,"column":3},"end":{"line":5,"column":74}},"1":{"start":{"line":5,"column":64},"end":{"line":5,"column":74}},"2":{"start":{"line":7,"column":3},"end":{"line":10,"column":4}},"3":{"start":{"line":7,"column":16},"end":{"line":7,"column":17}},"4":{"start":{"line":8,"column":22},"end":{"line":8,"column":36}},"5":{"start":{"line":9,"column":6},"end":{"line":9,"column":45}},"6":{"start":{"line":9,"column":36},"end":{"line":9,"column":45}},"7":{"start":{"line":12,"column":3},"end":{"line":12,"column":13}}},"fnMap":{"0":{"name":"findStudentById","decl":{"start":{"line":4,"column":16},"end":{"line":4,"column":31}},"loc":{"start":{"line":4,"column":56},"end":{"line":13,"column":1}},"line":4}},"branchMap":{"0":{"loc":{"start":{"line":5,"column":3},"end":{"line":5,"column":74}},"type":"if","locations":[{"start":{"line":5,"column":3},"end":{"line":5,"column":74}},{"start":{},"end":{}}],"line":5},"1":{"loc":{"start":{"line":5,"column":7},"end":{"line":5,"column":62}},"type":"binary-expr","locations":[{"start":{"line":5,"column":7},"end":{"line":5,"column":34}},{"start":{"line":5,"column":38},"end":{"line":5,"column":62}}],"line":5},"2":{"loc":{"start":{"line":9,"column":6},"end":{"line":9,"column":45}},"type":"if","locations":[{"start":{"line":9,"column":6},"end":{"line":9,"column":45}},{"start":{},"end":{}}],"line":9}},"s":{"0":9,"1":5,"2":4,"3":4,"4":7,"5":7,"6":2,"7":2},"f":{"0":9},"b":{"0":[5,4],"1":[9,9],"2":[2,5]},"_coverageSchema":"1a1c01bbd47fc00a2c39e90264f33305004495a9","hash":"210adf7b74cf72b6fc8a22a38454a0f4d03ef754"}
,"D:\\Easy_Frontend\\JavaScript\\js_labs\\practice\\array-subarr-04.js": {"path":"D:\\Easy_Frontend\\JavaScript\\js_labs\\practice\\array-subarr-04.js","statementMap":{"0":{"start":{"line":2,"column":3},"end":{"line":2,"column":72}},"1":{"start":{"line":2,"column":62},"end":{"line":2,"column":72}},"2":{"start":{"line":4,"column":24},"end":{"line":4,"column":26}},"3":{"start":{"line":5,"column":18},"end":{"line":5,"column":20}},"4":{"start":{"line":6,"column":3},"end":{"line":15,"column":4}},"5":{"start":{"line":6,"column":16},"end":{"line":6,"column":17}},"6":{"start":{"line":7,"column":21},"end":{"line":7,"column":34}},"7":{"start":{"line":8,"column":6},"end":{"line":8,"column":50}},"8":{"start":{"line":8,"column":28},"end":{"line":8,"column":50}},"9":{"start":{"line":11,"column":6},"end":{"line":14,"column":7}},"10":{"start":{"line":12,"column":9},"end":{"line":12,"column":37}},"11":{"start":{"line":13,"column":9},"end":{"line":13,"column":23}},"12":{"start":{"line":17,"column":3},"end":{"line":17,"column":23}},"13":{"start":{"line":19,"column":0},"end":{"line":19,"column":62}}},"fnMap":{"0":{"name":"findAllPositiveEvenSubArr","decl":{"start":{"line":1,"column":16},"end":{"line":1,"column":41}},"loc":{"start":{"line":1,"column":54},"end":{"line":18,"column":1}},"line":1}},"branchMap":{"0":{"loc":{"start":{"line":2,"column":3},"end":{"line":2,"column":72}},"type":"if","locations":[{"start":{"line":2,"column":3},"end":{"line":2,"column":72}},{"start":{},"end":{}}],"line":2},"1":{"loc":{"start":{"line":2,"column":7},"end":{"line":2,"column":60}},"type":"binary-expr","locations":[{"start":{"line":2,"column":7},"end":{"line":2,"column":33}},{"start":{"line":2,"column":37},"end":{"line":2,"column":60}}],"line":2},"2":{"loc":{"start":{"line":8,"column":6},"end":{"line":8,"column":50}},"type":"if","locations":[{"start":{"line":8,"column":6},"end":{"line":8,"column":50}},{"start":{},"end":{}}],"line":8},"3":{"loc":{"start":{"line":11,"column":6},"end":{"line":14,"column":7}},"type":"if","locations":[{"start":{"line":11,"column":6},"end":{"line":14,"column":7}},{"start":{},"end":{}}],"line":11},"4":{"loc":{"start":{"line":11,"column":10},"end":{"line":11,"column":82}},"type":"binary-expr","locations":[{"start":{"line":11,"column":10},"end":{"line":11,"column":29}},{"start":{"line":11,"column":34},"end":{"line":11,"column":50}},{"start":{"line":11,"column":54},"end":{"line":11,"column":81}}],"line":11}},"s":{"0":8,"1":5,"2":3,"3":3,"4":3,"5":3,"6":22,"7":22,"8":10,"9":22,"10":4,"11":4,"12":3,"13":1},"f":{"0":8},"b":{"0":[5,3],"1":[8,4],"2":[10,12],"3":[4,18],"4":[22,12,10]},"_coverageSchema":"1a1c01bbd47fc00a2c39e90264f33305004495a9","hash":"0c80fa753d81e2129797999c1792ecdd87c5cf70"}
,"D:\\Easy_Frontend\\JavaScript\\js_labs\\practice\\array-sum-04.js": {"path":"D:\\Easy_Frontend\\JavaScript\\js_labs\\practice\\array-sum-04.js","statementMap":{"0":{"start":{"line":18,"column":3},"end":{"line":18,"column":75}},"1":{"start":{"line":18,"column":66},"end":{"line":18,"column":75}},"2":{"start":{"line":20,"column":3},"end":{"line":24,"column":9}},"3":{"start":{"line":21,"column":24},"end":{"line":21,"column":66}},"4":{"start":{"line":22,"column":6},"end":{"line":22,"column":23}},"5":{"start":{"line":23,"column":6},"end":{"line":23,"column":17}}},"fnMap":{"0":{"name":"calcCartTotal","decl":{"start":{"line":17,"column":16},"end":{"line":17,"column":29}},"loc":{"start":{"line":17,"column":44},"end":{"line":25,"column":1}},"line":17},"1":{"name":"(anonymous_1)","decl":{"start":{"line":20,"column":30},"end":{"line":20,"column":31}},"loc":{"start":{"line":20,"column":49},"end":{"line":24,"column":4}},"line":20}},"branchMap":{"0":{"loc":{"start":{"line":18,"column":3},"end":{"line":18,"column":75}},"type":"if","locations":[{"start":{"line":18,"column":3},"end":{"line":18,"column":75}},{"start":{},"end":{}}],"line":18},"1":{"loc":{"start":{"line":18,"column":7},"end":{"line":18,"column":64}},"type":"binary-expr","locations":[{"start":{"line":18,"column":7},"end":{"line":18,"column":35}},{"start":{"line":18,"column":39},"end":{"line":18,"column":64}}],"line":18}},"s":{"0":7,"1":5,"2":2,"3":4,"4":4,"5":4},"f":{"0":7,"1":4},"b":{"0":[5,2],"1":[7,3]},"_coverageSchema":"1a1c01bbd47fc00a2c39e90264f33305004495a9","hash":"daa1cedc04a0fc784bfb704604152beafb078596"}
,"D:\\Easy_Frontend\\JavaScript\\js_labs\\practice\\logic-04.js": {"path":"D:\\Easy_Frontend\\JavaScript\\js_labs\\practice\\logic-04.js","statementMap":{"0":{"start":{"line":8,"column":3},"end":{"line":8,"column":79}},"1":{"start":{"line":8,"column":62},"end":{"line":8,"column":79}},"2":{"start":{"line":10,"column":22},"end":{"line":10,"column":24}},"3":{"start":{"line":11,"column":16},"end":{"line":11,"column":25}},"4":{"start":{"line":13,"column":3},"end":{"line":23,"column":4}},"5":{"start":{"line":13,"column":16},"end":{"line":13,"column":17}},"6":{"start":{"line":14,"column":21},"end":{"line":14,"column":34}},"7":{"start":{"line":17,"column":6},"end":{"line":17,"column":89}},"8":{"start":{"line":20,"column":6},"end":{"line":22,"column":7}},"9":{"start":{"line":21,"column":9},"end":{"line":21,"column":25}},"10":{"start":{"line":25,"column":3},"end":{"line":25,"column":34}},"11":{"start":{"line":27,"column":0},"end":{"line":27,"column":50}}},"fnMap":{"0":{"name":"findMostFrequentNumber","decl":{"start":{"line":7,"column":16},"end":{"line":7,"column":38}},"loc":{"start":{"line":7,"column":51},"end":{"line":26,"column":1}},"line":7}},"branchMap":{"0":{"loc":{"start":{"line":8,"column":3},"end":{"line":8,"column":79}},"type":"if","locations":[{"start":{"line":8,"column":3},"end":{"line":8,"column":79}},{"start":{},"end":{}}],"line":8},"1":{"loc":{"start":{"line":8,"column":7},"end":{"line":8,"column":60}},"type":"binary-expr","locations":[{"start":{"line":8,"column":7},"end":{"line":8,"column":33}},{"start":{"line":8,"column":37},"end":{"line":8,"column":60}}],"line":8},"2":{"loc":{"start":{"line":17,"column":27},"end":{"line":17,"column":88}},"type":"cond-expr","locations":[{"start":{"line":17,"column":62},"end":{"line":17,"column":63}},{"start":{"line":17,"column":66},"end":{"line":17,"column":88}}],"line":17},"3":{"loc":{"start":{"line":20,"column":6},"end":{"line":22,"column":7}},"type":"if","locations":[{"start":{"line":20,"column":6},"end":{"line":22,"column":7}},{"start":{},"end":{}}],"line":20},"4":{"loc":{"start":{"line":20,"column":10},"end":{"line":20,"column":73}},"type":"binary-expr","locations":[{"start":{"line":20,"column":10},"end":{"line":20,"column":30}},{"start":{"line":20,"column":34},"end":{"line":20,"column":73}}],"line":20}},"s":{"0":7,"1":2,"2":5,"3":5,"4":5,"5":5,"6":15,"7":15,"8":15,"9":9,"10":5,"11":1},"f":{"0":7},"b":{"0":[2,5],"1":[7,6],"2":[9,6],"3":[9,6],"4":[15,10]},"_coverageSchema":"1a1c01bbd47fc00a2c39e90264f33305004495a9","hash":"27aa7ed28a5da5100cca28bf4772234626de91c5"}
,"D:\\Easy_Frontend\\JavaScript\\js_labs\\practice\\number-01.js": {"path":"D:\\Easy_Frontend\\JavaScript\\js_labs\\practice\\number-01.js","statementMap":{"0":{"start":{"line":4,"column":3},"end":{"line":4,"column":28}},"1":{"start":{"line":4,"column":15},"end":{"line":4,"column":28}},"2":{"start":{"line":6,"column":19},"end":{"line":6,"column":20}},"3":{"start":{"line":7,"column":19},"end":{"line":7,"column":21}},"4":{"start":{"line":9,"column":3},"end":{"line":19,"column":4}},"5":{"start":{"line":11,"column":24},"end":{"line":11,"column":38}},"6":{"start":{"line":12,"column":6},"end":{"line":12,"column":47}},"7":{"start":{"line":12,"column":34},"end":{"line":12,"column":47}},"8":{"start":{"line":15,"column":6},"end":{"line":15,"column":28}},"9":{"start":{"line":18,"column":6},"end":{"line":18,"column":45}},"10":{"start":{"line":21,"column":3},"end":{"line":21,"column":15}},"11":{"start":{"line":25,"column":3},"end":{"line":25,"column":28}},"12":{"start":{"line":25,"column":15},"end":{"line":25,"column":28}},"13":{"start":{"line":27,"column":24},"end":{"line":27,"column":36}},"14":{"start":{"line":28,"column":3},"end":{"line":30,"column":4}},"15":{"start":{"line":28,"column":16},"end":{"line":28,"column":17}},"16":{"start":{"line":29,"column":6},"end":{"line":29,"column":63}},"17":{"start":{"line":29,"column":50},"end":{"line":29,"column":63}},"18":{"start":{"line":31,"column":3},"end":{"line":31,"column":15}}},"fnMap":{"0":{"name":"isIncreasingNumberV1","decl":{"start":{"line":3,"column":16},"end":{"line":3,"column":36}},"loc":{"start":{"line":3,"column":40},"end":{"line":22,"column":1}},"line":3},"1":{"name":"isIncreasingNumberV2","decl":{"start":{"line":24,"column":16},"end":{"line":24,"column":36}},"loc":{"start":{"line":24,"column":40},"end":{"line":32,"column":1}},"line":24}},"branchMap":{"0":{"loc":{"start":{"line":4,"column":3},"end":{"line":4,"column":28}},"type":"if","locations":[{"start":{"line":4,"column":3},"end":{"line":4,"column":28}},{"start":{},"end":{}}],"line":4},"1":{"loc":{"start":{"line":12,"column":6},"end":{"line":12,"column":47}},"type":"if","locations":[{"start":{"line":12,"column":6},"end":{"line":12,"column":47}},{"start":{},"end":{}}],"line":12},"2":{"loc":{"start":{"line":25,"column":3},"end":{"line":25,"column":28}},"type":"if","locations":[{"start":{"line":25,"column":3},"end":{"line":25,"column":28}},{"start":{},"end":{}}],"line":25},"3":{"loc":{"start":{"line":29,"column":6},"end":{"line":29,"column":63}},"type":"if","locations":[{"start":{"line":29,"column":6},"end":{"line":29,"column":63}},{"start":{},"end":{}}],"line":29}},"s":{"0":26,"1":10,"2":16,"3":16,"4":16,"5":44,"6":44,"7":11,"8":33,"9":33,"10":5,"11":26,"12":10,"13":16,"14":16,"15":16,"16":28,"17":11,"18":5},"f":{"0":26,"1":26},"b":{"0":[10,16],"1":[11,33],"2":[10,16],"3":[11,17]},"_coverageSchema":"1a1c01bbd47fc00a2c39e90264f33305004495a9","hash":"3a17616648eb6ccf68092393de18d92a0b2ee0bb"}
,"D:\\Easy_Frontend\\JavaScript\\js_labs\\practice\\string-02.js": {"path":"D:\\Easy_Frontend\\JavaScript\\js_labs\\practice\\string-02.js","statementMap":{"0":{"start":{"line":2,"column":3},"end":{"line":2,"column":29}},"1":{"start":{"line":2,"column":19},"end":{"line":2,"column":29}},"2":{"start":{"line":4,"column":22},"end":{"line":4,"column":24}},"3":{"start":{"line":6,"column":3},"end":{"line":14,"column":9}},"4":{"start":{"line":7,"column":21},"end":{"line":7,"column":29}},"5":{"start":{"line":9,"column":9},"end":{"line":13,"column":10}},"6":{"start":{"line":10,"column":12},"end":{"line":10,"column":34}},"7":{"start":{"line":12,"column":12},"end":{"line":12,"column":33}},"8":{"start":{"line":16,"column":3},"end":{"line":16,"column":21}},"9":{"start":{"line":20,"column":3},"end":{"line":20,"column":29}},"10":{"start":{"line":20,"column":19},"end":{"line":20,"column":29}},"11":{"start":{"line":22,"column":3},"end":{"line":34,"column":13}},"12":{"start":{"line":24,"column":21},"end":{"line":24,"column":29}},"13":{"start":{"line":32,"column":9},"end":{"line":32,"column":86}},"14":{"start":{"line":33,"column":9},"end":{"line":33,"column":27}},"15":{"start":{"line":36,"column":0},"end":{"line":36,"column":48}}},"fnMap":{"0":{"name":"statisticsWords","decl":{"start":{"line":1,"column":16},"end":{"line":1,"column":31}},"loc":{"start":{"line":1,"column":37},"end":{"line":17,"column":1}},"line":1},"1":{"name":"(anonymous_1)","decl":{"start":{"line":7,"column":14},"end":{"line":7,"column":15}},"loc":{"start":{"line":7,"column":21},"end":{"line":7,"column":29}},"line":7},"2":{"name":"(anonymous_2)","decl":{"start":{"line":8,"column":15},"end":{"line":8,"column":16}},"loc":{"start":{"line":8,"column":25},"end":{"line":14,"column":7}},"line":8},"3":{"name":"statisticsWordsV2","decl":{"start":{"line":19,"column":16},"end":{"line":19,"column":33}},"loc":{"start":{"line":19,"column":39},"end":{"line":35,"column":1}},"line":19},"4":{"name":"(anonymous_4)","decl":{"start":{"line":24,"column":14},"end":{"line":24,"column":15}},"loc":{"start":{"line":24,"column":21},"end":{"line":24,"column":29}},"line":24},"5":{"name":"(anonymous_5)","decl":{"start":{"line":25,"column":14},"end":{"line":25,"column":15}},"loc":{"start":{"line":25,"column":36},"end":{"line":34,"column":7}},"line":25}},"branchMap":{"0":{"loc":{"start":{"line":2,"column":3},"end":{"line":2,"column":29}},"type":"if","locations":[{"start":{"line":2,"column":3},"end":{"line":2,"column":29}},{"start":{},"end":{}}],"line":2},"1":{"loc":{"start":{"line":9,"column":9},"end":{"line":13,"column":10}},"type":"if","locations":[{"start":{"line":9,"column":9},"end":{"line":13,"column":10}},{"start":{"line":11,"column":16},"end":{"line":13,"column":10}}],"line":9},"2":{"loc":{"start":{"line":20,"column":3},"end":{"line":20,"column":29}},"type":"if","locations":[{"start":{"line":20,"column":3},"end":{"line":20,"column":29}},{"start":{},"end":{}}],"line":20},"3":{"loc":{"start":{"line":32,"column":28},"end":{"line":32,"column":85}},"type":"cond-expr","locations":[{"start":{"line":32,"column":61},"end":{"line":32,"column":81}},{"start":{"line":32,"column":84},"end":{"line":32,"column":85}}],"line":32}},"s":{"0":3,"1":1,"2":2,"3":2,"4":22,"5":10,"6":2,"7":8,"8":2,"9":4,"10":1,"11":3,"12":26,"13":13,"14":13,"15":1},"f":{"0":3,"1":22,"2":10,"3":4,"4":26,"5":13},"b":{"0":[1,2],"1":[2,8],"2":[1,3],"3":[3,10]},"_coverageSchema":"1a1c01bbd47fc00a2c39e90264f33305004495a9","hash":"f9b6cf617988d95a59819cddbf235a8c384f0d2d"}
,"D:\\Easy_Frontend\\JavaScript\\js_labs\\src\\5-9.js": {"path":"D:\\Easy_Frontend\\JavaScript\\js_labs\\src\\5-9.js","statementMap":{"0":{"start":{"line":14,"column":2},"end":{"line":14,"column":46}},"1":{"start":{"line":14,"column":29},"end":{"line":14,"column":46}},"2":{"start":{"line":18,"column":2},"end":{"line":21,"column":22}},"3":{"start":{"line":18,"column":16},"end":{"line":18,"column":38}},"4":{"start":{"line":19,"column":7},"end":{"line":21,"column":22}},"5":{"start":{"line":19,"column":22},"end":{"line":19,"column":38}},"6":{"start":{"line":20,"column":7},"end":{"line":21,"column":22}},"7":{"start":{"line":20,"column":22},"end":{"line":20,"column":42}},"8":{"start":{"line":21,"column":7},"end":{"line":21,"column":22}},"9":{"start":{"line":23,"column":2},"end":{"line":23,"column":16}},"10":{"start":{"line":30,"column":2},"end":{"line":30,"column":39}},"11":{"start":{"line":30,"column":29},"end":{"line":30,"column":39}},"12":{"start":{"line":32,"column":15},"end":{"line":32,"column":20}},"13":{"start":{"line":34,"column":2},"end":{"line":36,"column":42}},"14":{"start":{"line":34,"column":16},"end":{"line":34,"column":38}},"15":{"start":{"line":35,"column":7},"end":{"line":36,"column":42}},"16":{"start":{"line":35,"column":22},"end":{"line":35,"column":38}},"17":{"start":{"line":36,"column":7},"end":{"line":36,"column":42}},"18":{"start":{"line":36,"column":22},"end":{"line":36,"column":42}},"19":{"start":{"line":38,"column":2},"end":{"line":38,"column":16}},"20":{"start":{"line":45,"column":2},"end":{"line":45,"column":52}},"21":{"start":{"line":45,"column":29},"end":{"line":45,"column":52}},"22":{"start":{"line":47,"column":2},"end":{"line":47,"column":36}},"23":{"start":{"line":47,"column":16},"end":{"line":47,"column":36}},"24":{"start":{"line":48,"column":2},"end":{"line":48,"column":31}},"25":{"start":{"line":48,"column":17},"end":{"line":48,"column":31}},"26":{"start":{"line":49,"column":2},"end":{"line":49,"column":35}},"27":{"start":{"line":49,"column":17},"end":{"line":49,"column":35}},"28":{"start":{"line":51,"column":2},"end":{"line":51,"column":15}}},"fnMap":{"0":{"name":"classifyStudentV1","decl":{"start":{"line":11,"column":9},"end":{"line":11,"column":26}},"loc":{"start":{"line":11,"column":33},"end":{"line":24,"column":1}},"line":11},"1":{"name":"classifyStudentV2","decl":{"start":{"line":27,"column":9},"end":{"line":27,"column":26}},"loc":{"start":{"line":27,"column":33},"end":{"line":39,"column":1}},"line":27},"2":{"name":"classifyStudentV3","decl":{"start":{"line":42,"column":16},"end":{"line":42,"column":33}},"loc":{"start":{"line":42,"column":40},"end":{"line":52,"column":1}},"line":42}},"branchMap":{"0":{"loc":{"start":{"line":14,"column":2},"end":{"line":14,"column":46}},"type":"if","locations":[{"start":{"line":14,"column":2},"end":{"line":14,"column":46}},{"start":{},"end":{}}],"line":14},"1":{"loc":{"start":{"line":14,"column":6},"end":{"line":14,"column":27}},"type":"binary-expr","locations":[{"start":{"line":14,"column":6},"end":{"line":14,"column":14}},{"start":{"line":14,"column":18},"end":{"line":14,"column":27}}],"line":14},"2":{"loc":{"start":{"line":18,"column":2},"end":{"line":21,"column":22}},"type":"if","locations":[{"start":{"line":18,"column":2},"end":{"line":21,"column":22}},{"start":{"line":19,"column":7},"end":{"line":21,"column":22}}],"line":18},"3":{"loc":{"start":{"line":19,"column":7},"end":{"line":21,"column":22}},"type":"if","locations":[{"start":{"line":19,"column":7},"end":{"line":21,"column":22}},{"start":{"line":20,"column":7},"end":{"line":21,"column":22}}],"line":19},"4":{"loc":{"start":{"line":20,"column":7},"end":{"line":21,"column":22}},"type":"if","locations":[{"start":{"line":20,"column":7},"end":{"line":21,"column":22}},{"start":{"line":21,"column":7},"end":{"line":21,"column":22}}],"line":20},"5":{"loc":{"start":{"line":30,"column":2},"end":{"line":30,"column":39}},"type":"if","locations":[{"start":{"line":30,"column":2},"end":{"line":30,"column":39}},{"start":{},"end":{}}],"line":30},"6":{"loc":{"start":{"line":30,"column":6},"end":{"line":30,"column":27}},"type":"binary-expr","locations":[{"start":{"line":30,"column":6},"end":{"line":30,"column":14}},{"start":{"line":30,"column":18},"end":{"line":30,"column":27}}],"line":30},"7":{"loc":{"start":{"line":34,"column":2},"end":{"line":36,"column":42}},"type":"if","locations":[{"start":{"line":34,"column":2},"end":{"line":36,"column":42}},{"start":{"line":35,"column":7},"end":{"line":36,"column":42}}],"line":34},"8":{"loc":{"start":{"line":35,"column":7},"end":{"line":36,"column":42}},"type":"if","locations":[{"start":{"line":35,"column":7},"end":{"line":36,"column":42}},{"start":{"line":36,"column":7},"end":{"line":36,"column":42}}],"line":35},"9":{"loc":{"start":{"line":36,"column":7},"end":{"line":36,"column":42}},"type":"if","locations":[{"start":{"line":36,"column":7},"end":{"line":36,"column":42}},{"start":{},"end":{}}],"line":36},"10":{"loc":{"start":{"line":45,"column":2},"end":{"line":45,"column":52}},"type":"if","locations":[{"start":{"line":45,"column":2},"end":{"line":45,"column":52}},{"start":{},"end":{}}],"line":45},"11":{"loc":{"start":{"line":45,"column":6},"end":{"line":45,"column":27}},"type":"binary-expr","locations":[{"start":{"line":45,"column":6},"end":{"line":45,"column":14}},{"start":{"line":45,"column":18},"end":{"line":45,"column":27}}],"line":45},"12":{"loc":{"start":{"line":47,"column":2},"end":{"line":47,"column":36}},"type":"if","locations":[{"start":{"line":47,"column":2},"end":{"line":47,"column":36}},{"start":{},"end":{}}],"line":47},"13":{"loc":{"start":{"line":48,"column":2},"end":{"line":48,"column":31}},"type":"if","locations":[{"start":{"line":48,"column":2},"end":{"line":48,"column":31}},{"start":{},"end":{}}],"line":48},"14":{"loc":{"start":{"line":49,"column":2},"end":{"line":49,"column":35}},"type":"if","locations":[{"start":{"line":49,"column":2},"end":{"line":49,"column":35}},{"start":{},"end":{}}],"line":49}},"s":{"0":0,"1":0,"2":0,"3":0,"4":0,"5":0,"6":0,"7":0,"8":0,"9":0,"10":0,"11":0,"12":0,"13":0,"14":0,"15":0,"16":0,"17":0,"18":0,"19":0,"20":12,"21":2,"22":10,"23":2,"24":8,"25":2,"26":6,"27":3,"28":3},"f":{"0":0,"1":0,"2":12},"b":{"0":[0,0],"1":[0,0],"2":[0,0],"3":[0,0],"4":[0,0],"5":[0,0],"6":[0,0],"7":[0,0],"8":[0,0],"9":[0,0],"10":[2,10],"11":[12,11],"12":[2,8],"13":[2,6],"14":[3,3]},"_coverageSchema":"1a1c01bbd47fc00a2c39e90264f33305004495a9","hash":"c16131bb20d0011aab00f395b8778ee08dd4d95c"}
,"D:\\Easy_Frontend\\JavaScript\\js_labs\\src\\9-7.js": {"path":"D:\\Easy_Frontend\\JavaScript\\js_labs\\src\\9-7.js","statementMap":{"0":{"start":{"line":8,"column":0},"end":{"line":8,"column":36}},"1":{"start":{"line":8,"column":23},"end":{"line":8,"column":34}},"2":{"start":{"line":9,"column":0},"end":{"line":9,"column":36}},"3":{"start":{"line":9,"column":23},"end":{"line":9,"column":34}},"4":{"start":{"line":16,"column":2},"end":{"line":16,"column":74}},"5":{"start":{"line":16,"column":61},"end":{"line":16,"column":74}},"6":{"start":{"line":18,"column":16},"end":{"line":18,"column":20}},"7":{"start":{"line":20,"column":2},"end":{"line":27,"column":3}},"8":{"start":{"line":20,"column":15},"end":{"line":20,"column":16}},"9":{"start":{"line":21,"column":19},"end":{"line":21,"column":32}},"10":{"start":{"line":22,"column":4},"end":{"line":26,"column":5}},"11":{"start":{"line":24,"column":6},"end":{"line":24,"column":22}},"12":{"start":{"line":25,"column":6},"end":{"line":25,"column":12}},"13":{"start":{"line":29,"column":2},"end":{"line":29,"column":17}},"14":{"start":{"line":36,"column":2},"end":{"line":36,"column":74}},"15":{"start":{"line":36,"column":61},"end":{"line":36,"column":74}},"16":{"start":{"line":38,"column":2},"end":{"line":40,"column":3}},"17":{"start":{"line":38,"column":15},"end":{"line":38,"column":16}},"18":{"start":{"line":39,"column":4},"end":{"line":39,"column":46}},"19":{"start":{"line":39,"column":33},"end":{"line":39,"column":46}},"20":{"start":{"line":41,"column":2},"end":{"line":41,"column":14}},"21":{"start":{"line":47,"column":0},"end":{"line":47,"column":35}},"22":{"start":{"line":47,"column":22},"end":{"line":47,"column":33}},"23":{"start":{"line":48,"column":0},"end":{"line":48,"column":35}},"24":{"start":{"line":48,"column":22},"end":{"line":48,"column":33}}},"fnMap":{"0":{"name":"(anonymous_0)","decl":{"start":{"line":8,"column":16},"end":{"line":8,"column":17}},"loc":{"start":{"line":8,"column":23},"end":{"line":8,"column":34}},"line":8},"1":{"name":"(anonymous_1)","decl":{"start":{"line":9,"column":16},"end":{"line":9,"column":17}},"loc":{"start":{"line":9,"column":23},"end":{"line":9,"column":34}},"line":9},"2":{"name":"checkIfAllEveryV1","decl":{"start":{"line":15,"column":16},"end":{"line":15,"column":33}},"loc":{"start":{"line":15,"column":46},"end":{"line":30,"column":1}},"line":15},"3":{"name":"checkIfAllEveryV2","decl":{"start":{"line":35,"column":16},"end":{"line":35,"column":33}},"loc":{"start":{"line":35,"column":46},"end":{"line":42,"column":1}},"line":35},"4":{"name":"(anonymous_4)","decl":{"start":{"line":47,"column":15},"end":{"line":47,"column":16}},"loc":{"start":{"line":47,"column":22},"end":{"line":47,"column":33}},"line":47},"5":{"name":"(anonymous_5)","decl":{"start":{"line":48,"column":15},"end":{"line":48,"column":16}},"loc":{"start":{"line":48,"column":22},"end":{"line":48,"column":33}},"line":48}},"branchMap":{"0":{"loc":{"start":{"line":16,"column":2},"end":{"line":16,"column":74}},"type":"if","locations":[{"start":{"line":16,"column":2},"end":{"line":16,"column":74}},{"start":{},"end":{}}],"line":16},"1":{"loc":{"start":{"line":16,"column":6},"end":{"line":16,"column":59}},"type":"binary-expr","locations":[{"start":{"line":16,"column":6},"end":{"line":16,"column":32}},{"start":{"line":16,"column":36},"end":{"line":16,"column":59}}],"line":16},"2":{"loc":{"start":{"line":22,"column":4},"end":{"line":26,"column":5}},"type":"if","locations":[{"start":{"line":22,"column":4},"end":{"line":26,"column":5}},{"start":{},"end":{}}],"line":22},"3":{"loc":{"start":{"line":36,"column":2},"end":{"line":36,"column":74}},"type":"if","locations":[{"start":{"line":36,"column":2},"end":{"line":36,"column":74}},{"start":{},"end":{}}],"line":36},"4":{"loc":{"start":{"line":36,"column":6},"end":{"line":36,"column":59}},"type":"binary-expr","locations":[{"start":{"line":36,"column":6},"end":{"line":36,"column":32}},{"start":{"line":36,"column":36},"end":{"line":36,"column":59}}],"line":36},"5":{"loc":{"start":{"line":39,"column":4},"end":{"line":39,"column":46}},"type":"if","locations":[{"start":{"line":39,"column":4},"end":{"line":39,"column":46}},{"start":{},"end":{}}],"line":39}},"s":{"0":1,"1":1,"2":1,"3":3,"4":9,"5":6,"6":3,"7":3,"8":3,"9":5,"10":5,"11":2,"12":2,"13":3,"14":9,"15":6,"16":3,"17":3,"18":5,"19":2,"20":1,"21":1,"22":2,"23":1,"24":3},"f":{"0":1,"1":3,"2":9,"3":9,"4":2,"5":3},"b":{"0":[6,3],"1":[9,4],"2":[2,3],"3":[6,3],"4":[9,4],"5":[2,3]},"_coverageSchema":"1a1c01bbd47fc00a2c39e90264f33305004495a9","hash":"d5ff0279786ad30971034c0a75da05cd13f351ac"}
}
