TN:
SF:main.js
FN:1,sum
FNF:1
FNH:1
FNDA:1,sum
DA:2,1
LF:1
LH:1
BRF:0
BRH:0
end_of_record
TN:
SF:practice\01-calc-s.js
FN:3,calcuLatesSum
FN:14,calcuLatesSumV2
FNF:2
FNH:2
FNDA:5,calcuLatesSum
FNDA:5,calcuLatesSumV2
DA:4,5
DA:5,3
DA:7,3
DA:8,16
DA:11,3
DA:15,5
DA:17,3
LF:7
LH:7
BRDA:4,0,0,2
BRDA:4,0,1,3
BRDA:15,1,0,2
BRDA:15,1,1,3
BRF:4
BRH:4
end_of_record
TN:
SF:practice\array-check-07.js
FN:7,isAlice
FN:37,hasAlice
FNF:2
FNH:2
FNDA:4,isAlice
FNDA:3,hasAlice
DA:8,4
DA:9,4
DA:38,3
DA:40,2
LF:4
LH:4
BRDA:8,0,0,0
BRDA:8,0,1,4
BRDA:9,1,0,4
BRDA:9,1,1,3
BRDA:38,2,0,1
BRDA:38,2,1,2
BRDA:38,3,0,3
BRDA:38,3,1,3
BRF:8
BRH:7
end_of_record
TN:
SF:practice\array-count-04.js
FN:29,countUniqueNumbers
FN:32,(anonymous_1)
FNF:2
FNH:2
FNDA:11,countUniqueNumbers
FNDA:22,(anonymous_1)
DA:30,11
DA:32,6
DA:33,22
DA:34,22
DA:37,6
LF:5
LH:5
BRDA:30,0,0,5
BRDA:30,0,1,6
BRDA:30,1,0,11
BRDA:30,1,1,7
BRF:4
BRH:4
end_of_record
TN:
SF:practice\array-filter-06.js
FN:4,getTheFirstDigit
FN:11,findAllNumbers
FNF:2
FNH:2
FNDA:9,getTheFirstDigit
FNDA:7,findAllNumbers
DA:5,9
DA:6,9
DA:8,9
DA:12,7
DA:14,2
DA:15,2
DA:16,9
DA:17,9
DA:18,9
DA:21,2
LF:10
LH:10
BRDA:12,0,0,5
BRDA:12,0,1,2
BRDA:12,1,0,7
BRDA:12,1,1,3
BRDA:18,2,0,3
BRDA:18,2,1,6
BRF:6
BRH:6
end_of_record
TN:
SF:practice\array-find-09.js
FN:4,findStudentById
FNF:1
FNH:1
FNDA:9,findStudentById
DA:5,9
DA:7,4
DA:8,7
DA:9,7
DA:12,2
LF:5
LH:5
BRDA:5,0,0,5
BRDA:5,0,1,4
BRDA:5,1,0,9
BRDA:5,1,1,9
BRDA:9,2,0,2
BRDA:9,2,1,5
BRF:6
BRH:6
end_of_record
TN:
SF:practice\array-subarr-04.js
FN:1,findAllPositiveEvenSubArr
FNF:1
FNH:1
FNDA:8,findAllPositiveEvenSubArr
DA:2,8
DA:4,3
DA:5,3
DA:6,3
DA:7,22
DA:8,22
DA:11,22
DA:12,4
DA:13,4
DA:17,3
DA:19,1
LF:11
LH:11
BRDA:2,0,0,5
BRDA:2,0,1,3
BRDA:2,1,0,8
BRDA:2,1,1,4
BRDA:8,2,0,10
BRDA:8,2,1,12
BRDA:11,3,0,4
BRDA:11,3,1,18
BRDA:11,4,0,22
BRDA:11,4,1,12
BRDA:11,4,2,10
BRF:11
BRH:11
end_of_record
TN:
SF:practice\array-sum-04.js
FN:17,calcCartTotal
FN:20,(anonymous_1)
FNF:2
FNH:2
FNDA:7,calcCartTotal
FNDA:4,(anonymous_1)
DA:18,7
DA:20,2
DA:21,4
DA:22,4
DA:23,4
LF:5
LH:5
BRDA:18,0,0,5
BRDA:18,0,1,2
BRDA:18,1,0,7
BRDA:18,1,1,3
BRF:4
BRH:4
end_of_record
TN:
SF:practice\logic-04.js
FN:7,findMostFrequentNumber
FNF:1
FNH:1
FNDA:7,findMostFrequentNumber
DA:8,7
DA:10,5
DA:11,5
DA:13,5
DA:14,15
DA:17,15
DA:20,15
DA:21,9
DA:25,5
DA:27,1
LF:10
LH:10
BRDA:8,0,0,2
BRDA:8,0,1,5
BRDA:8,1,0,7
BRDA:8,1,1,6
BRDA:17,2,0,9
BRDA:17,2,1,6
BRDA:20,3,0,9
BRDA:20,3,1,6
BRDA:20,4,0,15
BRDA:20,4,1,10
BRF:10
BRH:10
end_of_record
TN:
SF:practice\number-01.js
FN:3,isIncreasingNumberV1
FN:24,isIncreasingNumberV2
FNF:2
FNH:2
FNDA:26,isIncreasingNumberV1
FNDA:26,isIncreasingNumberV2
DA:4,26
DA:6,16
DA:7,16
DA:9,16
DA:11,44
DA:12,44
DA:15,33
DA:18,33
DA:21,5
DA:25,26
DA:27,16
DA:28,16
DA:29,28
DA:31,5
LF:14
LH:14
BRDA:4,0,0,10
BRDA:4,0,1,16
BRDA:12,1,0,11
BRDA:12,1,1,33
BRDA:25,2,0,10
BRDA:25,2,1,16
BRDA:29,3,0,11
BRDA:29,3,1,17
BRF:8
BRH:8
end_of_record
TN:
SF:practice\string-02.js
FN:1,statisticsWords
FN:7,(anonymous_1)
FN:8,(anonymous_2)
FN:19,statisticsWordsV2
FN:24,(anonymous_4)
FN:25,(anonymous_5)
FNF:6
FNH:6
FNDA:3,statisticsWords
FNDA:22,(anonymous_1)
FNDA:10,(anonymous_2)
FNDA:4,statisticsWordsV2
FNDA:26,(anonymous_4)
FNDA:13,(anonymous_5)
DA:2,3
DA:4,2
DA:6,2
DA:7,22
DA:9,10
DA:10,2
DA:12,8
DA:16,2
DA:20,4
DA:22,3
DA:24,26
DA:32,13
DA:33,13
DA:36,1
LF:14
LH:14
BRDA:2,0,0,1
BRDA:2,0,1,2
BRDA:9,1,0,2
BRDA:9,1,1,8
BRDA:20,2,0,1
BRDA:20,2,1,3
BRDA:32,3,0,3
BRDA:32,3,1,10
BRF:8
BRH:8
end_of_record
TN:
SF:src\5-9.js
FN:11,classifyStudentV1
FN:27,classifyStudentV2
FN:42,classifyStudentV3
FNF:3
FNH:1
FNDA:0,classifyStudentV1
FNDA:0,classifyStudentV2
FNDA:12,classifyStudentV3
DA:14,0
DA:18,0
DA:19,0
DA:20,0
DA:21,0
DA:23,0
DA:30,0
DA:32,0
DA:34,0
DA:35,0
DA:36,0
DA:38,0
DA:45,12
DA:47,10
DA:48,8
DA:49,6
DA:51,3
LF:17
LH:5
BRDA:14,0,0,0
BRDA:14,0,1,0
BRDA:14,1,0,0
BRDA:14,1,1,0
BRDA:18,2,0,0
BRDA:18,2,1,0
BRDA:19,3,0,0
BRDA:19,3,1,0
BRDA:20,4,0,0
BRDA:20,4,1,0
BRDA:30,5,0,0
BRDA:30,5,1,0
BRDA:30,6,0,0
BRDA:30,6,1,0
BRDA:34,7,0,0
BRDA:34,7,1,0
BRDA:35,8,0,0
BRDA:35,8,1,0
BRDA:36,9,0,0
BRDA:36,9,1,0
BRDA:45,10,0,2
BRDA:45,10,1,10
BRDA:45,11,0,12
BRDA:45,11,1,11
BRDA:47,12,0,2
BRDA:47,12,1,8
BRDA:48,13,0,2
BRDA:48,13,1,6
BRDA:49,14,0,3
BRDA:49,14,1,3
BRF:30
BRH:10
end_of_record
TN:
SF:src\9-7.js
FN:8,(anonymous_0)
FN:9,(anonymous_1)
FN:15,checkIfAllEveryV1
FN:35,checkIfAllEveryV2
FN:47,(anonymous_4)
FN:48,(anonymous_5)
FNF:6
FNH:6
FNDA:1,(anonymous_0)
FNDA:3,(anonymous_1)
FNDA:9,checkIfAllEveryV1
FNDA:9,checkIfAllEveryV2
FNDA:2,(anonymous_4)
FNDA:3,(anonymous_5)
DA:8,1
DA:9,3
DA:16,9
DA:18,3
DA:20,3
DA:21,5
DA:22,5
DA:24,2
DA:25,2
DA:29,3
DA:36,9
DA:38,3
DA:39,5
DA:41,1
DA:47,2
DA:48,3
LF:16
LH:16
BRDA:16,0,0,6
BRDA:16,0,1,3
BRDA:16,1,0,9
BRDA:16,1,1,4
BRDA:22,2,0,2
BRDA:22,2,1,3
BRDA:36,3,0,6
BRDA:36,3,1,3
BRDA:36,4,0,9
BRDA:36,4,1,4
BRDA:39,5,0,2
BRDA:39,5,1,3
BRF:12
BRH:12
end_of_record
