TN:
SF:main.js
FN:1,sum
FNF:1
FNH:1
FNDA:1,sum
DA:2,1
LF:1
LH:1
BRF:0
BRH:0
end_of_record
TN:
SF:src\5-9.js
FN:11,classifyStudentV1
FN:27,classifyStudentV2
FN:42,classifyStudentV3
FNF:3
FNH:1
FNDA:0,classifyStudentV1
FNDA:0,classifyStudentV2
FNDA:12,classifyStudentV3
DA:14,0
DA:18,0
DA:19,0
DA:20,0
DA:21,0
DA:23,0
DA:30,0
DA:32,0
DA:34,0
DA:35,0
DA:36,0
DA:38,0
DA:45,12
DA:47,10
DA:48,8
DA:49,6
DA:51,3
LF:17
LH:5
BRDA:14,0,0,0
BRDA:14,0,1,0
BRDA:14,1,0,0
BRDA:14,1,1,0
BRDA:18,2,0,0
BRDA:18,2,1,0
BRDA:19,3,0,0
BRDA:19,3,1,0
BRDA:20,4,0,0
BRDA:20,4,1,0
BRDA:30,5,0,0
BRDA:30,5,1,0
BRDA:30,6,0,0
BRDA:30,6,1,0
BRDA:34,7,0,0
BRDA:34,7,1,0
BRDA:35,8,0,0
BRDA:35,8,1,0
BRDA:36,9,0,0
BRDA:36,9,1,0
BRDA:45,10,0,2
BRDA:45,10,1,10
BRDA:45,11,0,12
BRDA:45,11,1,11
BRDA:47,12,0,2
BRDA:47,12,1,8
BRDA:48,13,0,2
BRDA:48,13,1,6
BRDA:49,14,0,3
BRDA:49,14,1,3
BRF:30
BRH:10
end_of_record
TN:
SF:src\9-7.js
FN:8,(anonymous_0)
FN:9,(anonymous_1)
FN:15,checkIfAllEveryV1
FN:35,checkIfAllEveryV2
FN:47,(anonymous_4)
FN:48,(anonymous_5)
FNF:6
FNH:6
FNDA:1,(anonymous_0)
FNDA:3,(anonymous_1)
FNDA:9,checkIfAllEveryV1
FNDA:9,checkIfAllEveryV2
FNDA:2,(anonymous_4)
FNDA:3,(anonymous_5)
DA:8,1
DA:9,3
DA:16,9
DA:18,3
DA:20,3
DA:21,6
DA:22,6
DA:24,2
DA:25,2
DA:29,3
DA:36,9
DA:38,3
DA:39,6
DA:41,1
DA:47,2
DA:48,3
LF:16
LH:16
BRDA:16,0,0,6
BRDA:16,0,1,3
BRDA:16,1,0,9
BRDA:16,1,1,4
BRDA:22,2,0,2
BRDA:22,2,1,4
BRDA:36,3,0,6
BRDA:36,3,1,3
BRDA:36,4,0,9
BRDA:36,4,1,4
BRDA:39,5,0,2
BRDA:39,5,1,4
BRF:12
BRH:12
end_of_record
